  Tutorial.cpp
  RestScene.cpp
  Radio.cpp
d:\coding\디콘 화이팅\최진영,이한수,조우진,홍찬의\win32project1\win32project1\radio.cpp(58): warning C4244: '=': 'float'에서 'int'(으)로 변환하면서 데이터가 손실될 수 있습니다.
  PotionBuy.cpp
  Potion.cpp
  PopUp.cpp
  Number.cpp
  MiniGameScene.cpp
  MidAccount.cpp
  MainScene.cpp
  main.cpp
  Loading.cpp
  GameScene.cpp
d:\coding\디콘 화이팅\최진영,이한수,조우진,홍찬의\win32project1\win32project1\gamescene.cpp(116): warning C4244: '=': 'float'에서 'int'(으)로 변환하면서 데이터가 손실될 수 있습니다.
  FinalAccount.cpp
  DataManager.cpp
d:\coding\디콘 화이팅\최진영,이한수,조우진,홍찬의\win32project1\win32project1\datamanager.cpp(12): warning C4996: 'fopen': This function or variable may be unsafe. Consider using fopen_s instead. To disable deprecation, use _CRT_SECURE_NO_WARNINGS. See online help for details.
  c:\program files (x86)\windows kits\10\include\10.0.10240.0\ucrt\stdio.h(205): note: 'fopen' 선언을 참조하십시오.
d:\coding\디콘 화이팅\최진영,이한수,조우진,홍찬의\win32project1\win32project1\datamanager.cpp(13): warning C4996: 'fopen': This function or variable may be unsafe. Consider using fopen_s instead. To disable deprecation, use _CRT_SECURE_NO_WARNINGS. See online help for details.
  c:\program files (x86)\windows kits\10\include\10.0.10240.0\ucrt\stdio.h(205): note: 'fopen' 선언을 참조하십시오.
d:\coding\디콘 화이팅\최진영,이한수,조우진,홍찬의\win32project1\win32project1\datamanager.cpp(14): warning C4996: 'fopen': This function or variable may be unsafe. Consider using fopen_s instead. To disable deprecation, use _CRT_SECURE_NO_WARNINGS. See online help for details.
  c:\program files (x86)\windows kits\10\include\10.0.10240.0\ucrt\stdio.h(205): note: 'fopen' 선언을 참조하십시오.
d:\coding\디콘 화이팅\최진영,이한수,조우진,홍찬의\win32project1\win32project1\datamanager.cpp(15): warning C4996: 'fopen': This function or variable may be unsafe. Consider using fopen_s instead. To disable deprecation, use _CRT_SECURE_NO_WARNINGS. See online help for details.
  c:\program files (x86)\windows kits\10\include\10.0.10240.0\ucrt\stdio.h(205): note: 'fopen' 선언을 참조하십시오.
d:\coding\디콘 화이팅\최진영,이한수,조우진,홍찬의\win32project1\win32project1\datamanager.cpp(16): warning C4996: 'fopen': This function or variable may be unsafe. Consider using fopen_s instead. To disable deprecation, use _CRT_SECURE_NO_WARNINGS. See online help for details.
  c:\program files (x86)\windows kits\10\include\10.0.10240.0\ucrt\stdio.h(205): note: 'fopen' 선언을 참조하십시오.
d:\coding\디콘 화이팅\최진영,이한수,조우진,홍찬의\win32project1\win32project1\datamanager.cpp(17): warning C4996: 'fopen': This function or variable may be unsafe. Consider using fopen_s instead. To disable deprecation, use _CRT_SECURE_NO_WARNINGS. See online help for details.
  c:\program files (x86)\windows kits\10\include\10.0.10240.0\ucrt\stdio.h(205): note: 'fopen' 선언을 참조하십시오.
d:\coding\디콘 화이팅\최진영,이한수,조우진,홍찬의\win32project1\win32project1\datamanager.cpp(18): warning C4996: 'fopen': This function or variable may be unsafe. Consider using fopen_s instead. To disable deprecation, use _CRT_SECURE_NO_WARNINGS. See online help for details.
  c:\program files (x86)\windows kits\10\include\10.0.10240.0\ucrt\stdio.h(205): note: 'fopen' 선언을 참조하십시오.
d:\coding\디콘 화이팅\최진영,이한수,조우진,홍찬의\win32project1\win32project1\datamanager.cpp(19): warning C4996: 'fscanf': This function or variable may be unsafe. Consider using fscanf_s instead. To disable deprecation, use _CRT_SECURE_NO_WARNINGS. See online help for details.
  c:\program files (x86)\windows kits\10\include\10.0.10240.0\ucrt\stdio.h(1193): note: 'fscanf' 선언을 참조하십시오.
d:\coding\디콘 화이팅\최진영,이한수,조우진,홍찬의\win32project1\win32project1\datamanager.cpp(20): warning C4996: 'fscanf': This function or variable may be unsafe. Consider using fscanf_s instead. To disable deprecation, use _CRT_SECURE_NO_WARNINGS. See online help for details.
  c:\program files (x86)\windows kits\10\include\10.0.10240.0\ucrt\stdio.h(1193): note: 'fscanf' 선언을 참조하십시오.
d:\coding\디콘 화이팅\최진영,이한수,조우진,홍찬의\win32project1\win32project1\datamanager.cpp(21): warning C4996: 'fscanf': This function or variable may be unsafe. Consider using fscanf_s instead. To disable deprecation, use _CRT_SECURE_NO_WARNINGS. See online help for details.
  c:\program files (x86)\windows kits\10\include\10.0.10240.0\ucrt\stdio.h(1193): note: 'fscanf' 선언을 참조하십시오.
d:\coding\디콘 화이팅\최진영,이한수,조우진,홍찬의\win32project1\win32project1\datamanager.cpp(22): warning C4996: 'fscanf': This function or variable may be unsafe. Consider using fscanf_s instead. To disable deprecation, use _CRT_SECURE_NO_WARNINGS. See online help for details.
  c:\program files (x86)\windows kits\10\include\10.0.10240.0\ucrt\stdio.h(1193): note: 'fscanf' 선언을 참조하십시오.
d:\coding\디콘 화이팅\최진영,이한수,조우진,홍찬의\win32project1\win32project1\datamanager.cpp(23): warning C4996: 'fscanf': This function or variable may be unsafe. Consider using fscanf_s instead. To disable deprecation, use _CRT_SECURE_NO_WARNINGS. See online help for details.
  c:\program files (x86)\windows kits\10\include\10.0.10240.0\ucrt\stdio.h(1193): note: 'fscanf' 선언을 참조하십시오.
d:\coding\디콘 화이팅\최진영,이한수,조우진,홍찬의\win32project1\win32project1\datamanager.cpp(24): warning C4996: 'fscanf': This function or variable may be unsafe. Consider using fscanf_s instead. To disable deprecation, use _CRT_SECURE_NO_WARNINGS. See online help for details.
  c:\program files (x86)\windows kits\10\include\10.0.10240.0\ucrt\stdio.h(1193): note: 'fscanf' 선언을 참조하십시오.
d:\coding\디콘 화이팅\최진영,이한수,조우진,홍찬의\win32project1\win32project1\datamanager.cpp(25): warning C4996: 'fscanf': This function or variable may be unsafe. Consider using fscanf_s instead. To disable deprecation, use _CRT_SECURE_NO_WARNINGS. See online help for details.
  c:\program files (x86)\windows kits\10\include\10.0.10240.0\ucrt\stdio.h(1193): note: 'fscanf' 선언을 참조하십시오.
d:\coding\디콘 화이팅\최진영,이한수,조우진,홍찬의\win32project1\win32project1\datamanager.cpp(58): warning C4996: 'fopen': This function or variable may be unsafe. Consider using fopen_s instead. To disable deprecation, use _CRT_SECURE_NO_WARNINGS. See online help for details.
  c:\program files (x86)\windows kits\10\include\10.0.10240.0\ucrt\stdio.h(205): note: 'fopen' 선언을 참조하십시오.
d:\coding\디콘 화이팅\최진영,이한수,조우진,홍찬의\win32project1\win32project1\datamanager.cpp(59): warning C4996: 'fopen': This function or variable may be unsafe. Consider using fopen_s instead. To disable deprecation, use _CRT_SECURE_NO_WARNINGS. See online help for details.
  c:\program files (x86)\windows kits\10\include\10.0.10240.0\ucrt\stdio.h(205): note: 'fopen' 선언을 참조하십시오.
d:\coding\디콘 화이팅\최진영,이한수,조우진,홍찬의\win32project1\win32project1\datamanager.cpp(60): warning C4996: 'fopen': This function or variable may be unsafe. Consider using fopen_s instead. To disable deprecation, use _CRT_SECURE_NO_WARNINGS. See online help for details.
  c:\program files (x86)\windows kits\10\include\10.0.10240.0\ucrt\stdio.h(205): note: 'fopen' 선언을 참조하십시오.
d:\coding\디콘 화이팅\최진영,이한수,조우진,홍찬의\win32project1\win32project1\datamanager.cpp(61): warning C4996: 'fopen': This function or variable may be unsafe. Consider using fopen_s instead. To disable deprecation, use _CRT_SECURE_NO_WARNINGS. See online help for details.
  c:\program files (x86)\windows kits\10\include\10.0.10240.0\ucrt\stdio.h(205): note: 'fopen' 선언을 참조하십시오.
d:\coding\디콘 화이팅\최진영,이한수,조우진,홍찬의\win32project1\win32project1\datamanager.cpp(62): warning C4996: 'fopen': This function or variable may be unsafe. Consider using fopen_s instead. To disable deprecation, use _CRT_SECURE_NO_WARNINGS. See online help for details.
  c:\program files (x86)\windows kits\10\include\10.0.10240.0\ucrt\stdio.h(205): note: 'fopen' 선언을 참조하십시오.
d:\coding\디콘 화이팅\최진영,이한수,조우진,홍찬의\win32project1\win32project1\datamanager.cpp(63): warning C4996: 'fopen': This function or variable may be unsafe. Consider using fopen_s instead. To disable deprecation, use _CRT_SECURE_NO_WARNINGS. See online help for details.
  c:\program files (x86)\windows kits\10\include\10.0.10240.0\ucrt\stdio.h(205): note: 'fopen' 선언을 참조하십시오.
d:\coding\디콘 화이팅\최진영,이한수,조우진,홍찬의\win32project1\win32project1\datamanager.cpp(64): warning C4996: 'fopen': This function or variable may be unsafe. Consider using fopen_s instead. To disable deprecation, use _CRT_SECURE_NO_WARNINGS. See online help for details.
  c:\program files (x86)\windows kits\10\include\10.0.10240.0\ucrt\stdio.h(205): note: 'fopen' 선언을 참조하십시오.
d:\coding\디콘 화이팅\최진영,이한수,조우진,홍찬의\win32project1\win32project1\datamanager.cpp(65): warning C4996: 'fscanf': This function or variable may be unsafe. Consider using fscanf_s instead. To disable deprecation, use _CRT_SECURE_NO_WARNINGS. See online help for details.
  c:\program files (x86)\windows kits\10\include\10.0.10240.0\ucrt\stdio.h(1193): note: 'fscanf' 선언을 참조하십시오.
d:\coding\디콘 화이팅\최진영,이한수,조우진,홍찬의\win32project1\win32project1\datamanager.cpp(66): warning C4996: 'fscanf': This function or variable may be unsafe. Consider using fscanf_s instead. To disable deprecation, use _CRT_SECURE_NO_WARNINGS. See online help for details.
  c:\program files (x86)\windows kits\10\include\10.0.10240.0\ucrt\stdio.h(1193): note: 'fscanf' 선언을 참조하십시오.
d:\coding\디콘 화이팅\최진영,이한수,조우진,홍찬의\win32project1\win32project1\datamanager.cpp(67): warning C4996: 'fscanf': This function or variable may be unsafe. Consider using fscanf_s instead. To disable deprecation, use _CRT_SECURE_NO_WARNINGS. See online help for details.
  c:\program files (x86)\windows kits\10\include\10.0.10240.0\ucrt\stdio.h(1193): note: 'fscanf' 선언을 참조하십시오.
d:\coding\디콘 화이팅\최진영,이한수,조우진,홍찬의\win32project1\win32project1\datamanager.cpp(68): warning C4996: 'fscanf': This function or variable may be unsafe. Consider using fscanf_s instead. To disable deprecation, use _CRT_SECURE_NO_WARNINGS. See online help for details.
  c:\program files (x86)\windows kits\10\include\10.0.10240.0\ucrt\stdio.h(1193): note: 'fscanf' 선언을 참조하십시오.
d:\coding\디콘 화이팅\최진영,이한수,조우진,홍찬의\win32project1\win32project1\datamanager.cpp(69): warning C4996: 'fscanf': This function or variable may be unsafe. Consider using fscanf_s instead. To disable deprecation, use _CRT_SECURE_NO_WARNINGS. See online help for details.
  c:\program files (x86)\windows kits\10\include\10.0.10240.0\ucrt\stdio.h(1193): note: 'fscanf' 선언을 참조하십시오.
d:\coding\디콘 화이팅\최진영,이한수,조우진,홍찬의\win32project1\win32project1\datamanager.cpp(70): warning C4996: 'fscanf': This function or variable may be unsafe. Consider using fscanf_s instead. To disable deprecation, use _CRT_SECURE_NO_WARNINGS. See online help for details.
  c:\program files (x86)\windows kits\10\include\10.0.10240.0\ucrt\stdio.h(1193): note: 'fscanf' 선언을 참조하십시오.
d:\coding\디콘 화이팅\최진영,이한수,조우진,홍찬의\win32project1\win32project1\datamanager.cpp(71): warning C4996: 'fscanf': This function or variable may be unsafe. Consider using fscanf_s instead. To disable deprecation, use _CRT_SECURE_NO_WARNINGS. See online help for details.
  c:\program files (x86)\windows kits\10\include\10.0.10240.0\ucrt\stdio.h(1193): note: 'fscanf' 선언을 참조하십시오.
d:\coding\디콘 화이팅\최진영,이한수,조우진,홍찬의\win32project1\win32project1\datamanager.cpp(178): warning C4244: '=': 'int'에서 'float'(으)로 변환하면서 데이터가 손실될 수 있습니다.
d:\coding\디콘 화이팅\최진영,이한수,조우진,홍찬의\win32project1\win32project1\datamanager.cpp(180): warning C4244: '+=': 'float'에서 'int'(으)로 변환하면서 데이터가 손실될 수 있습니다.
  CloseScene.cpp
  Card.cpp
  Buyer.cpp
d:\coding\디콘 화이팅\최진영,이한수,조우진,홍찬의\win32project1\win32project1\buyer.cpp(105): warning C4244: '=': 'float'에서 'int'(으)로 변환하면서 데이터가 손실될 수 있습니다.
  BlackJack.cpp
  Background.cpp
  코드를 생성하고 있습니다...
  컴파일하고 있습니다...
  achieveScene.cpp
  AccountScene.cpp
  코드를 생성하고 있습니다...
  Win32Project1.vcxproj -> D:\Coding\디콘 화이팅\최진영,이한수,조우진,홍찬의\Win32Project1\Debug\Win32Project1.exe
  Win32Project1.vcxproj -> D:\Coding\디콘 화이팅\최진영,이한수,조우진,홍찬의\Win32Project1\Debug\Win32Project1.pdb (Full PDB)
