  Tutorial.cpp
  코드를 생성하고 있습니다.
  코드를 생성했습니다.
ZeroEngine-Release.lib(ZeroSprite.obj) : warning LNK4099: 'ZeroEngine.pdb' PDB를 'ZeroEngine-Release.lib(ZeroSprite.obj)' 또는 'C:\Users\Jin\Desktop\최진영,이한수,조우진,홍찬의 (2)\Win32Project1\Release\ZeroEngine.pdb'에서 찾을 수 없습니다. 디버그 정보가 없는 것처럼 개체를 링크합니다.
ZeroEngine-Release.lib(ZeroInputManager.obj) : warning LNK4099: 'ZeroEngine.pdb' PDB를 'ZeroEngine-Release.lib(ZeroInputManager.obj)' 또는 'C:\Users\Jin\Desktop\최진영,이한수,조우진,홍찬의 (2)\Win32Project1\Release\ZeroEngine.pdb'에서 찾을 수 없습니다. 디버그 정보가 없는 것처럼 개체를 링크합니다.
ZeroEngine-Release.lib(ZeroIScene.obj) : warning LNK4099: 'ZeroEngine.pdb' PDB를 'ZeroEngine-Release.lib(ZeroIScene.obj)' 또는 'C:\Users\Jin\Desktop\최진영,이한수,조우진,홍찬의 (2)\Win32Project1\Release\ZeroEngine.pdb'에서 찾을 수 없습니다. 디버그 정보가 없는 것처럼 개체를 링크합니다.
ZeroEngine-Release.lib(ZeroSceneManager.obj) : warning LNK4099: 'ZeroEngine.pdb' PDB를 'ZeroEngine-Release.lib(ZeroSceneManager.obj)' 또는 'C:\Users\Jin\Desktop\최진영,이한수,조우진,홍찬의 (2)\Win32Project1\Release\ZeroEngine.pdb'에서 찾을 수 없습니다. 디버그 정보가 없는 것처럼 개체를 링크합니다.
ZeroEngine-Release.lib(ZeroCameraManager.obj) : warning LNK4099: 'ZeroEngine.pdb' PDB를 'ZeroEngine-Release.lib(ZeroCameraManager.obj)' 또는 'C:\Users\Jin\Desktop\최진영,이한수,조우진,홍찬의 (2)\Win32Project1\Release\ZeroEngine.pdb'에서 찾을 수 없습니다. 디버그 정보가 없는 것처럼 개체를 링크합니다.
ZeroEngine-Release.lib(ZeroSoundManager.obj) : warning LNK4099: 'ZeroEngine.pdb' PDB를 'ZeroEngine-Release.lib(ZeroSoundManager.obj)' 또는 'C:\Users\Jin\Desktop\최진영,이한수,조우진,홍찬의 (2)\Win32Project1\Release\ZeroEngine.pdb'에서 찾을 수 없습니다. 디버그 정보가 없는 것처럼 개체를 링크합니다.
ZeroEngine-Release.lib(ZeroAnimation.obj) : warning LNK4099: 'ZeroEngine.pdb' PDB를 'ZeroEngine-Release.lib(ZeroAnimation.obj)' 또는 'C:\Users\Jin\Desktop\최진영,이한수,조우진,홍찬의 (2)\Win32Project1\Release\ZeroEngine.pdb'에서 찾을 수 없습니다. 디버그 정보가 없는 것처럼 개체를 링크합니다.
ZeroEngine-Release.lib(ZeroTextureManager.obj) : warning LNK4099: 'ZeroEngine.pdb' PDB를 'ZeroEngine-Release.lib(ZeroTextureManager.obj)' 또는 'C:\Users\Jin\Desktop\최진영,이한수,조우진,홍찬의 (2)\Win32Project1\Release\ZeroEngine.pdb'에서 찾을 수 없습니다. 디버그 정보가 없는 것처럼 개체를 링크합니다.
ZeroEngine-Release.lib(ZeroApplication.obj) : warning LNK4099: 'ZeroEngine.pdb' PDB를 'ZeroEngine-Release.lib(ZeroApplication.obj)' 또는 'C:\Users\Jin\Desktop\최진영,이한수,조우진,홍찬의 (2)\Win32Project1\Release\ZeroEngine.pdb'에서 찾을 수 없습니다. 디버그 정보가 없는 것처럼 개체를 링크합니다.
ZeroEngine-Release.lib(stdafx.obj) : warning LNK4099: 'ZeroEngine.pdb' PDB를 'ZeroEngine-Release.lib(stdafx.obj)' 또는 'C:\Users\Jin\Desktop\최진영,이한수,조우진,홍찬의 (2)\Win32Project1\Release\ZeroEngine.pdb'에서 찾을 수 없습니다. 디버그 정보가 없는 것처럼 개체를 링크합니다.
ZeroEngine-Release.lib(ZeroResource.obj) : warning LNK4099: 'ZeroEngine.pdb' PDB를 'ZeroEngine-Release.lib(ZeroResource.obj)' 또는 'C:\Users\Jin\Desktop\최진영,이한수,조우진,홍찬의 (2)\Win32Project1\Release\ZeroEngine.pdb'에서 찾을 수 없습니다. 디버그 정보가 없는 것처럼 개체를 링크합니다.
ZeroEngine-Release.lib(ZeroSpriteManager.obj) : warning LNK4099: 'ZeroEngine.pdb' PDB를 'ZeroEngine-Release.lib(ZeroSpriteManager.obj)' 또는 'C:\Users\Jin\Desktop\최진영,이한수,조우진,홍찬의 (2)\Win32Project1\Release\ZeroEngine.pdb'에서 찾을 수 없습니다. 디버그 정보가 없는 것처럼 개체를 링크합니다.
ZeroEngine-Release.lib(ZeroMathManager.obj) : warning LNK4099: 'ZeroEngine.pdb' PDB를 'ZeroEngine-Release.lib(ZeroMathManager.obj)' 또는 'C:\Users\Jin\Desktop\최진영,이한수,조우진,홍찬의 (2)\Win32Project1\Release\ZeroEngine.pdb'에서 찾을 수 없습니다. 디버그 정보가 없는 것처럼 개체를 링크합니다.
ZeroEngine-Release.lib(ZeroVec.obj) : warning LNK4099: 'ZeroEngine.pdb' PDB를 'ZeroEngine-Release.lib(ZeroVec.obj)' 또는 'C:\Users\Jin\Desktop\최진영,이한수,조우진,홍찬의 (2)\Win32Project1\Release\ZeroEngine.pdb'에서 찾을 수 없습니다. 디버그 정보가 없는 것처럼 개체를 링크합니다.
ZeroEngine-Release.lib(ZeroRenderTarget.obj) : warning LNK4099: 'ZeroEngine.pdb' PDB를 'ZeroEngine-Release.lib(ZeroRenderTarget.obj)' 또는 'C:\Users\Jin\Desktop\최진영,이한수,조우진,홍찬의 (2)\Win32Project1\Release\ZeroEngine.pdb'에서 찾을 수 없습니다. 디버그 정보가 없는 것처럼 개체를 링크합니다.
ZeroEngine-Release.lib(ZeroRenderTargetManager.obj) : warning LNK4099: 'ZeroEngine.pdb' PDB를 'ZeroEngine-Release.lib(ZeroRenderTargetManager.obj)' 또는 'C:\Users\Jin\Desktop\최진영,이한수,조우진,홍찬의 (2)\Win32Project1\Release\ZeroEngine.pdb'에서 찾을 수 없습니다. 디버그 정보가 없는 것처럼 개체를 링크합니다.
ZeroEngine-Release.lib(ZeroTrBandedSwirl.obj) : warning LNK4099: 'ZeroEngine.pdb' PDB를 'ZeroEngine-Release.lib(ZeroTrBandedSwirl.obj)' 또는 'C:\Users\Jin\Desktop\최진영,이한수,조우진,홍찬의 (2)\Win32Project1\Release\ZeroEngine.pdb'에서 찾을 수 없습니다. 디버그 정보가 없는 것처럼 개체를 링크합니다.
ZeroEngine-Release.lib(ZeroTrCircleReveal.obj) : warning LNK4099: 'ZeroEngine.pdb' PDB를 'ZeroEngine-Release.lib(ZeroTrCircleReveal.obj)' 또는 'C:\Users\Jin\Desktop\최진영,이한수,조우진,홍찬의 (2)\Win32Project1\Release\ZeroEngine.pdb'에서 찾을 수 없습니다. 디버그 정보가 없는 것처럼 개체를 링크합니다.
ZeroEngine-Release.lib(ZeroTrCircleStretch.obj) : warning LNK4099: 'ZeroEngine.pdb' PDB를 'ZeroEngine-Release.lib(ZeroTrCircleStretch.obj)' 또는 'C:\Users\Jin\Desktop\최진영,이한수,조우진,홍찬의 (2)\Win32Project1\Release\ZeroEngine.pdb'에서 찾을 수 없습니다. 디버그 정보가 없는 것처럼 개체를 링크합니다.
ZeroEngine-Release.lib(ZeroTrCloudReveal.obj) : warning LNK4099: 'ZeroEngine.pdb' PDB를 'ZeroEngine-Release.lib(ZeroTrCloudReveal.obj)' 또는 'C:\Users\Jin\Desktop\최진영,이한수,조우진,홍찬의 (2)\Win32Project1\Release\ZeroEngine.pdb'에서 찾을 수 없습니다. 디버그 정보가 없는 것처럼 개체를 링크합니다.
ZeroEngine-Release.lib(ZeroTrCrumble.obj) : warning LNK4099: 'ZeroEngine.pdb' PDB를 'ZeroEngine-Release.lib(ZeroTrCrumble.obj)' 또는 'C:\Users\Jin\Desktop\최진영,이한수,조우진,홍찬의 (2)\Win32Project1\Release\ZeroEngine.pdb'에서 찾을 수 없습니다. 디버그 정보가 없는 것처럼 개체를 링크합니다.
ZeroEngine-Release.lib(ZeroTrDropFade.obj) : warning LNK4099: 'ZeroEngine.pdb' PDB를 'ZeroEngine-Release.lib(ZeroTrDropFade.obj)' 또는 'C:\Users\Jin\Desktop\최진영,이한수,조우진,홍찬의 (2)\Win32Project1\Release\ZeroEngine.pdb'에서 찾을 수 없습니다. 디버그 정보가 없는 것처럼 개체를 링크합니다.
ZeroEngine-Release.lib(ZeroTrFade.obj) : warning LNK4099: 'ZeroEngine.pdb' PDB를 'ZeroEngine-Release.lib(ZeroTrFade.obj)' 또는 'C:\Users\Jin\Desktop\최진영,이한수,조우진,홍찬의 (2)\Win32Project1\Release\ZeroEngine.pdb'에서 찾을 수 없습니다. 디버그 정보가 없는 것처럼 개체를 링크합니다.
ZeroEngine-Release.lib(ZeroTrPixelate.obj) : warning LNK4099: 'ZeroEngine.pdb' PDB를 'ZeroEngine-Release.lib(ZeroTrPixelate.obj)' 또는 'C:\Users\Jin\Desktop\최진영,이한수,조우진,홍찬의 (2)\Win32Project1\Release\ZeroEngine.pdb'에서 찾을 수 없습니다. 디버그 정보가 없는 것처럼 개체를 링크합니다.
ZeroEngine-Release.lib(ZeroTrRadialBlur.obj) : warning LNK4099: 'ZeroEngine.pdb' PDB를 'ZeroEngine-Release.lib(ZeroTrRadialBlur.obj)' 또는 'C:\Users\Jin\Desktop\최진영,이한수,조우진,홍찬의 (2)\Win32Project1\Release\ZeroEngine.pdb'에서 찾을 수 없습니다. 디버그 정보가 없는 것처럼 개체를 링크합니다.
ZeroEngine-Release.lib(ZeroTrRadialWiggle.obj) : warning LNK4099: 'ZeroEngine.pdb' PDB를 'ZeroEngine-Release.lib(ZeroTrRadialWiggle.obj)' 또는 'C:\Users\Jin\Desktop\최진영,이한수,조우진,홍찬의 (2)\Win32Project1\Release\ZeroEngine.pdb'에서 찾을 수 없습니다. 디버그 정보가 없는 것처럼 개체를 링크합니다.
ZeroEngine-Release.lib(ZeroTrRandomCircleReveal.obj) : warning LNK4099: 'ZeroEngine.pdb' PDB를 'ZeroEngine-Release.lib(ZeroTrRandomCircleReveal.obj)' 또는 'C:\Users\Jin\Desktop\최진영,이한수,조우진,홍찬의 (2)\Win32Project1\Release\ZeroEngine.pdb'에서 찾을 수 없습니다. 디버그 정보가 없는 것처럼 개체를 링크합니다.
ZeroEngine-Release.lib(ZeroTrRipple.obj) : warning LNK4099: 'ZeroEngine.pdb' PDB를 'ZeroEngine-Release.lib(ZeroTrRipple.obj)' 또는 'C:\Users\Jin\Desktop\최진영,이한수,조우진,홍찬의 (2)\Win32Project1\Release\ZeroEngine.pdb'에서 찾을 수 없습니다. 디버그 정보가 없는 것처럼 개체를 링크합니다.
ZeroEngine-Release.lib(ZeroTrRotateCrumble.obj) : warning LNK4099: 'ZeroEngine.pdb' PDB를 'ZeroEngine-Release.lib(ZeroTrRotateCrumble.obj)' 또는 'C:\Users\Jin\Desktop\최진영,이한수,조우진,홍찬의 (2)\Win32Project1\Release\ZeroEngine.pdb'에서 찾을 수 없습니다. 디버그 정보가 없는 것처럼 개체를 링크합니다.
ZeroEngine-Release.lib(ZeroTrSaturate.obj) : warning LNK4099: 'ZeroEngine.pdb' PDB를 'ZeroEngine-Release.lib(ZeroTrSaturate.obj)' 또는 'C:\Users\Jin\Desktop\최진영,이한수,조우진,홍찬의 (2)\Win32Project1\Release\ZeroEngine.pdb'에서 찾을 수 없습니다. 디버그 정보가 없는 것처럼 개체를 링크합니다.
ZeroEngine-Release.lib(ZeroTrSlideIn.obj) : warning LNK4099: 'ZeroEngine.pdb' PDB를 'ZeroEngine-Release.lib(ZeroTrSlideIn.obj)' 또는 'C:\Users\Jin\Desktop\최진영,이한수,조우진,홍찬의 (2)\Win32Project1\Release\ZeroEngine.pdb'에서 찾을 수 없습니다. 디버그 정보가 없는 것처럼 개체를 링크합니다.
ZeroEngine-Release.lib(ZeroTrSmoothSwirlGrid.obj) : warning LNK4099: 'ZeroEngine.pdb' PDB를 'ZeroEngine-Release.lib(ZeroTrSmoothSwirlGrid.obj)' 또는 'C:\Users\Jin\Desktop\최진영,이한수,조우진,홍찬의 (2)\Win32Project1\Release\ZeroEngine.pdb'에서 찾을 수 없습니다. 디버그 정보가 없는 것처럼 개체를 링크합니다.
ZeroEngine-Release.lib(ZeroProcessMonitor.obj) : warning LNK4099: 'ZeroEngine.pdb' PDB를 'ZeroEngine-Release.lib(ZeroProcessMonitor.obj)' 또는 'C:\Users\Jin\Desktop\최진영,이한수,조우진,홍찬의 (2)\Win32Project1\Release\ZeroEngine.pdb'에서 찾을 수 없습니다. 디버그 정보가 없는 것처럼 개체를 링크합니다.
ZeroEngine-Release.lib(ZeroShaderManager.obj) : warning LNK4099: 'ZeroEngine.pdb' PDB를 'ZeroEngine-Release.lib(ZeroShaderManager.obj)' 또는 'C:\Users\Jin\Desktop\최진영,이한수,조우진,홍찬의 (2)\Win32Project1\Release\ZeroEngine.pdb'에서 찾을 수 없습니다. 디버그 정보가 없는 것처럼 개체를 링크합니다.
ZeroEngine-Release.lib(ZeroResourceManager.obj) : warning LNK4099: 'ZeroEngine.pdb' PDB를 'ZeroEngine-Release.lib(ZeroResourceManager.obj)' 또는 'C:\Users\Jin\Desktop\최진영,이한수,조우진,홍찬의 (2)\Win32Project1\Release\ZeroEngine.pdb'에서 찾을 수 없습니다. 디버그 정보가 없는 것처럼 개체를 링크합니다.
ZeroEngine-Release.lib(ZeroIShader.obj) : warning LNK4099: 'ZeroEngine.pdb' PDB를 'ZeroEngine-Release.lib(ZeroIShader.obj)' 또는 'C:\Users\Jin\Desktop\최진영,이한수,조우진,홍찬의 (2)\Win32Project1\Release\ZeroEngine.pdb'에서 찾을 수 없습니다. 디버그 정보가 없는 것처럼 개체를 링크합니다.
  Win32Project1.vcxproj -> C:\Users\Jin\Desktop\최진영,이한수,조우진,홍찬의 (2)\Win32Project1\Release\Win32Project1.exe
  Win32Project1.vcxproj -> C:\Users\Jin\Desktop\최진영,이한수,조우진,홍찬의 (2)\Win32Project1\Release\Win32Project1.pdb (Full PDB)
